<?xml version="1.0" encoding="UTF-8"?>
<testsuite xmlns:xsi="http://www.w3.org/2001/XMLSchema-instance" xsi:noNamespaceSchemaLocation="https://maven.apache.org/surefire/maven-surefire-plugin/xsd/surefire-test-report.xsd" name="mflix.api.daos.MigrationTest" time="1.524" tests="2" errors="0" skipped="0" failures="2">
  <properties>
    <property name="java.specification.version" value="19"/>
    <property name="sun.jnu.encoding" value="UTF-8"/>
    <property name="java.class.path" value="/media/emma/FastBackup/Documents/EmmaWorkShop/BACKEND/JavaProjects/mongodbJava/mflix/target/test-classes:/media/emma/FastBackup/Documents/EmmaWorkShop/BACKEND/JavaProjects/mongodbJava/mflix/target/classes:/home/emma/.m2/repository/org/springframework/boot/spring-boot-starter-web/2.0.3.RELEASE/spring-boot-starter-web-2.0.3.RELEASE.jar:/home/emma/.m2/repository/org/springframework/boot/spring-boot-starter/2.0.3.RELEASE/spring-boot-starter-2.0.3.RELEASE.jar:/home/emma/.m2/repository/org/springframework/boot/spring-boot-starter-logging/2.0.3.RELEASE/spring-boot-starter-logging-2.0.3.RELEASE.jar:/home/emma/.m2/repository/ch/qos/logback/logback-classic/1.2.3/logback-classic-1.2.3.jar:/home/emma/.m2/repository/ch/qos/logback/logback-core/1.2.3/logback-core-1.2.3.jar:/home/emma/.m2/repository/org/apache/logging/log4j/log4j-to-slf4j/2.10.0/log4j-to-slf4j-2.10.0.jar:/home/emma/.m2/repository/org/apache/logging/log4j/log4j-api/2.10.0/log4j-api-2.10.0.jar:/home/emma/.m2/repository/org/slf4j/jul-to-slf4j/1.7.25/jul-to-slf4j-1.7.25.jar:/home/emma/.m2/repository/javax/annotation/javax.annotation-api/1.3.2/javax.annotation-api-1.3.2.jar:/home/emma/.m2/repository/org/yaml/snakeyaml/1.19/snakeyaml-1.19.jar:/home/emma/.m2/repository/org/springframework/boot/spring-boot-starter-json/2.0.3.RELEASE/spring-boot-starter-json-2.0.3.RELEASE.jar:/home/emma/.m2/repository/com/fasterxml/jackson/datatype/jackson-datatype-jdk8/2.9.6/jackson-datatype-jdk8-2.9.6.jar:/home/emma/.m2/repository/com/fasterxml/jackson/datatype/jackson-datatype-jsr310/2.9.6/jackson-datatype-jsr310-2.9.6.jar:/home/emma/.m2/repository/com/fasterxml/jackson/module/jackson-module-parameter-names/2.9.6/jackson-module-parameter-names-2.9.6.jar:/home/emma/.m2/repository/org/springframework/boot/spring-boot-starter-tomcat/2.0.3.RELEASE/spring-boot-starter-tomcat-2.0.3.RELEASE.jar:/home/emma/.m2/repository/org/apache/tomcat/embed/tomcat-embed-core/8.5.31/tomcat-embed-core-8.5.31.jar:/home/emma/.m2/repository/org/apache/tomcat/embed/tomcat-embed-el/8.5.31/tomcat-embed-el-8.5.31.jar:/home/emma/.m2/repository/org/apache/tomcat/embed/tomcat-embed-websocket/8.5.31/tomcat-embed-websocket-8.5.31.jar:/home/emma/.m2/repository/org/hibernate/validator/hibernate-validator/6.0.10.Final/hibernate-validator-6.0.10.Final.jar:/home/emma/.m2/repository/javax/validation/validation-api/2.0.1.Final/validation-api-2.0.1.Final.jar:/home/emma/.m2/repository/org/jboss/logging/jboss-logging/3.3.2.Final/jboss-logging-3.3.2.Final.jar:/home/emma/.m2/repository/com/fasterxml/classmate/1.3.4/classmate-1.3.4.jar:/home/emma/.m2/repository/org/springframework/spring-webmvc/5.0.7.RELEASE/spring-webmvc-5.0.7.RELEASE.jar:/home/emma/.m2/repository/org/springframework/boot/spring-boot-starter-test/2.0.3.RELEASE/spring-boot-starter-test-2.0.3.RELEASE.jar:/home/emma/.m2/repository/org/springframework/boot/spring-boot-test/2.0.3.RELEASE/spring-boot-test-2.0.3.RELEASE.jar:/home/emma/.m2/repository/org/springframework/boot/spring-boot-test-autoconfigure/2.0.3.RELEASE/spring-boot-test-autoconfigure-2.0.3.RELEASE.jar:/home/emma/.m2/repository/com/jayway/jsonpath/json-path/2.4.0/json-path-2.4.0.jar:/home/emma/.m2/repository/net/minidev/json-smart/2.3/json-smart-2.3.jar:/home/emma/.m2/repository/net/minidev/accessors-smart/1.2/accessors-smart-1.2.jar:/home/emma/.m2/repository/org/ow2/asm/asm/5.0.4/asm-5.0.4.jar:/home/emma/.m2/repository/org/slf4j/slf4j-api/1.7.25/slf4j-api-1.7.25.jar:/home/emma/.m2/repository/junit/junit/4.12/junit-4.12.jar:/home/emma/.m2/repository/org/assertj/assertj-core/3.9.1/assertj-core-3.9.1.jar:/home/emma/.m2/repository/org/mockito/mockito-core/2.15.0/mockito-core-2.15.0.jar:/home/emma/.m2/repository/net/bytebuddy/byte-buddy/1.7.9/byte-buddy-1.7.9.jar:/home/emma/.m2/repository/net/bytebuddy/byte-buddy-agent/1.7.9/byte-buddy-agent-1.7.9.jar:/home/emma/.m2/repository/org/objenesis/objenesis/2.6/objenesis-2.6.jar:/home/emma/.m2/repository/org/hamcrest/hamcrest-core/1.3/hamcrest-core-1.3.jar:/home/emma/.m2/repository/org/hamcrest/hamcrest-library/1.3/hamcrest-library-1.3.jar:/home/emma/.m2/repository/org/skyscreamer/jsonassert/1.5.0/jsonassert-1.5.0.jar:/home/emma/.m2/repository/com/vaadin/external/google/android-json/0.0.20131108.vaadin1/android-json-0.0.20131108.vaadin1.jar:/home/emma/.m2/repository/org/springframework/spring-test/5.0.7.RELEASE/spring-test-5.0.7.RELEASE.jar:/home/emma/.m2/repository/org/xmlunit/xmlunit-core/2.5.1/xmlunit-core-2.5.1.jar:/home/emma/.m2/repository/org/springframework/boot/spring-boot-starter-security/2.0.4.RELEASE/spring-boot-starter-security-2.0.4.RELEASE.jar:/home/emma/.m2/repository/org/springframework/spring-aop/5.0.8.RELEASE/spring-aop-5.0.8.RELEASE.jar:/home/emma/.m2/repository/org/springframework/security/spring-security-config/5.0.7.RELEASE/spring-security-config-5.0.7.RELEASE.jar:/home/emma/.m2/repository/org/springframework/security/spring-security-core/5.0.7.RELEASE/spring-security-core-5.0.7.RELEASE.jar:/home/emma/.m2/repository/org/springframework/security/spring-security-web/5.0.7.RELEASE/spring-security-web-5.0.7.RELEASE.jar:/home/emma/.m2/repository/org/springframework/boot/spring-boot/2.0.4.RELEASE/spring-boot-2.0.4.RELEASE.jar:/home/emma/.m2/repository/org/springframework/spring-context/5.0.7.RELEASE/spring-context-5.0.7.RELEASE.jar:/home/emma/.m2/repository/org/springframework/spring-beans/5.0.7.RELEASE/spring-beans-5.0.7.RELEASE.jar:/home/emma/.m2/repository/org/springframework/spring-expression/5.0.7.RELEASE/spring-expression-5.0.7.RELEASE.jar:/home/emma/.m2/repository/org/springframework/spring-core/5.0.7.RELEASE/spring-core-5.0.7.RELEASE.jar:/home/emma/.m2/repository/org/springframework/spring-jcl/5.0.7.RELEASE/spring-jcl-5.0.7.RELEASE.jar:/home/emma/.m2/repository/org/springframework/boot/spring-boot-autoconfigure/2.0.3.RELEASE/spring-boot-autoconfigure-2.0.3.RELEASE.jar:/home/emma/.m2/repository/org/springframework/spring-web/5.0.7.RELEASE/spring-web-5.0.7.RELEASE.jar:/home/emma/.m2/repository/io/jsonwebtoken/jjwt/0.9.1/jjwt-0.9.1.jar:/home/emma/.m2/repository/com/fasterxml/jackson/core/jackson-databind/2.9.6/jackson-databind-2.9.6.jar:/home/emma/.m2/repository/com/fasterxml/jackson/core/jackson-annotations/2.9.0/jackson-annotations-2.9.0.jar:/home/emma/.m2/repository/com/fasterxml/jackson/core/jackson-core/2.9.6/jackson-core-2.9.6.jar:/home/emma/.m2/repository/org/junit/jupiter/junit-jupiter-api/5.1.0/junit-jupiter-api-5.1.0.jar:/home/emma/.m2/repository/org/apiguardian/apiguardian-api/1.0.0/apiguardian-api-1.0.0.jar:/home/emma/.m2/repository/org/opentest4j/opentest4j/1.0.0/opentest4j-1.0.0.jar:/home/emma/.m2/repository/org/junit/platform/junit-platform-commons/1.1.0/junit-platform-commons-1.1.0.jar:/home/emma/.m2/repository/org/mongodb/mongodb-driver-sync/3.9.1/mongodb-driver-sync-3.9.1.jar:/home/emma/.m2/repository/org/mongodb/bson/3.9.1/bson-3.9.1.jar:/home/emma/.m2/repository/org/mongodb/mongodb-driver-core/3.9.1/mongodb-driver-core-3.9.1.jar:"/>
    <property name="java.vm.vendor" value="Oracle Corporation"/>
    <property name="sun.arch.data.model" value="64"/>
    <property name="java.vendor.url" value="https://java.oracle.com/"/>
    <property name="os.name" value="Linux"/>
    <property name="java.vm.specification.version" value="19"/>
    <property name="sun.java.launcher" value="SUN_STANDARD"/>
    <property name="user.country" value="US"/>
    <property name="sun.boot.library.path" value="/home/emma/.jdks/openjdk-19/lib"/>
    <property name="sun.java.command" value="/media/emma/FastBackup/Documents/EmmaWorkShop/BACKEND/JavaProjects/mongodbJava/mflix/target/surefire/surefirebooter1548073133297781260.jar /media/emma/FastBackup/Documents/EmmaWorkShop/BACKEND/JavaProjects/mongodbJava/mflix/target/surefire 2022-10-04T14-12-06_437-jvmRun1 surefire15217127468429899412tmp surefire_013329753508827833939tmp"/>
    <property name="jdk.debug" value="release"/>
    <property name="surefire.test.class.path" value="/media/emma/FastBackup/Documents/EmmaWorkShop/BACKEND/JavaProjects/mongodbJava/mflix/target/test-classes:/media/emma/FastBackup/Documents/EmmaWorkShop/BACKEND/JavaProjects/mongodbJava/mflix/target/classes:/home/emma/.m2/repository/org/springframework/boot/spring-boot-starter-web/2.0.3.RELEASE/spring-boot-starter-web-2.0.3.RELEASE.jar:/home/emma/.m2/repository/org/springframework/boot/spring-boot-starter/2.0.3.RELEASE/spring-boot-starter-2.0.3.RELEASE.jar:/home/emma/.m2/repository/org/springframework/boot/spring-boot-starter-logging/2.0.3.RELEASE/spring-boot-starter-logging-2.0.3.RELEASE.jar:/home/emma/.m2/repository/ch/qos/logback/logback-classic/1.2.3/logback-classic-1.2.3.jar:/home/emma/.m2/repository/ch/qos/logback/logback-core/1.2.3/logback-core-1.2.3.jar:/home/emma/.m2/repository/org/apache/logging/log4j/log4j-to-slf4j/2.10.0/log4j-to-slf4j-2.10.0.jar:/home/emma/.m2/repository/org/apache/logging/log4j/log4j-api/2.10.0/log4j-api-2.10.0.jar:/home/emma/.m2/repository/org/slf4j/jul-to-slf4j/1.7.25/jul-to-slf4j-1.7.25.jar:/home/emma/.m2/repository/javax/annotation/javax.annotation-api/1.3.2/javax.annotation-api-1.3.2.jar:/home/emma/.m2/repository/org/yaml/snakeyaml/1.19/snakeyaml-1.19.jar:/home/emma/.m2/repository/org/springframework/boot/spring-boot-starter-json/2.0.3.RELEASE/spring-boot-starter-json-2.0.3.RELEASE.jar:/home/emma/.m2/repository/com/fasterxml/jackson/datatype/jackson-datatype-jdk8/2.9.6/jackson-datatype-jdk8-2.9.6.jar:/home/emma/.m2/repository/com/fasterxml/jackson/datatype/jackson-datatype-jsr310/2.9.6/jackson-datatype-jsr310-2.9.6.jar:/home/emma/.m2/repository/com/fasterxml/jackson/module/jackson-module-parameter-names/2.9.6/jackson-module-parameter-names-2.9.6.jar:/home/emma/.m2/repository/org/springframework/boot/spring-boot-starter-tomcat/2.0.3.RELEASE/spring-boot-starter-tomcat-2.0.3.RELEASE.jar:/home/emma/.m2/repository/org/apache/tomcat/embed/tomcat-embed-core/8.5.31/tomcat-embed-core-8.5.31.jar:/home/emma/.m2/repository/org/apache/tomcat/embed/tomcat-embed-el/8.5.31/tomcat-embed-el-8.5.31.jar:/home/emma/.m2/repository/org/apache/tomcat/embed/tomcat-embed-websocket/8.5.31/tomcat-embed-websocket-8.5.31.jar:/home/emma/.m2/repository/org/hibernate/validator/hibernate-validator/6.0.10.Final/hibernate-validator-6.0.10.Final.jar:/home/emma/.m2/repository/javax/validation/validation-api/2.0.1.Final/validation-api-2.0.1.Final.jar:/home/emma/.m2/repository/org/jboss/logging/jboss-logging/3.3.2.Final/jboss-logging-3.3.2.Final.jar:/home/emma/.m2/repository/com/fasterxml/classmate/1.3.4/classmate-1.3.4.jar:/home/emma/.m2/repository/org/springframework/spring-webmvc/5.0.7.RELEASE/spring-webmvc-5.0.7.RELEASE.jar:/home/emma/.m2/repository/org/springframework/boot/spring-boot-starter-test/2.0.3.RELEASE/spring-boot-starter-test-2.0.3.RELEASE.jar:/home/emma/.m2/repository/org/springframework/boot/spring-boot-test/2.0.3.RELEASE/spring-boot-test-2.0.3.RELEASE.jar:/home/emma/.m2/repository/org/springframework/boot/spring-boot-test-autoconfigure/2.0.3.RELEASE/spring-boot-test-autoconfigure-2.0.3.RELEASE.jar:/home/emma/.m2/repository/com/jayway/jsonpath/json-path/2.4.0/json-path-2.4.0.jar:/home/emma/.m2/repository/net/minidev/json-smart/2.3/json-smart-2.3.jar:/home/emma/.m2/repository/net/minidev/accessors-smart/1.2/accessors-smart-1.2.jar:/home/emma/.m2/repository/org/ow2/asm/asm/5.0.4/asm-5.0.4.jar:/home/emma/.m2/repository/org/slf4j/slf4j-api/1.7.25/slf4j-api-1.7.25.jar:/home/emma/.m2/repository/junit/junit/4.12/junit-4.12.jar:/home/emma/.m2/repository/org/assertj/assertj-core/3.9.1/assertj-core-3.9.1.jar:/home/emma/.m2/repository/org/mockito/mockito-core/2.15.0/mockito-core-2.15.0.jar:/home/emma/.m2/repository/net/bytebuddy/byte-buddy/1.7.9/byte-buddy-1.7.9.jar:/home/emma/.m2/repository/net/bytebuddy/byte-buddy-agent/1.7.9/byte-buddy-agent-1.7.9.jar:/home/emma/.m2/repository/org/objenesis/objenesis/2.6/objenesis-2.6.jar:/home/emma/.m2/repository/org/hamcrest/hamcrest-core/1.3/hamcrest-core-1.3.jar:/home/emma/.m2/repository/org/hamcrest/hamcrest-library/1.3/hamcrest-library-1.3.jar:/home/emma/.m2/repository/org/skyscreamer/jsonassert/1.5.0/jsonassert-1.5.0.jar:/home/emma/.m2/repository/com/vaadin/external/google/android-json/0.0.20131108.vaadin1/android-json-0.0.20131108.vaadin1.jar:/home/emma/.m2/repository/org/springframework/spring-test/5.0.7.RELEASE/spring-test-5.0.7.RELEASE.jar:/home/emma/.m2/repository/org/xmlunit/xmlunit-core/2.5.1/xmlunit-core-2.5.1.jar:/home/emma/.m2/repository/org/springframework/boot/spring-boot-starter-security/2.0.4.RELEASE/spring-boot-starter-security-2.0.4.RELEASE.jar:/home/emma/.m2/repository/org/springframework/spring-aop/5.0.8.RELEASE/spring-aop-5.0.8.RELEASE.jar:/home/emma/.m2/repository/org/springframework/security/spring-security-config/5.0.7.RELEASE/spring-security-config-5.0.7.RELEASE.jar:/home/emma/.m2/repository/org/springframework/security/spring-security-core/5.0.7.RELEASE/spring-security-core-5.0.7.RELEASE.jar:/home/emma/.m2/repository/org/springframework/security/spring-security-web/5.0.7.RELEASE/spring-security-web-5.0.7.RELEASE.jar:/home/emma/.m2/repository/org/springframework/boot/spring-boot/2.0.4.RELEASE/spring-boot-2.0.4.RELEASE.jar:/home/emma/.m2/repository/org/springframework/spring-context/5.0.7.RELEASE/spring-context-5.0.7.RELEASE.jar:/home/emma/.m2/repository/org/springframework/spring-beans/5.0.7.RELEASE/spring-beans-5.0.7.RELEASE.jar:/home/emma/.m2/repository/org/springframework/spring-expression/5.0.7.RELEASE/spring-expression-5.0.7.RELEASE.jar:/home/emma/.m2/repository/org/springframework/spring-core/5.0.7.RELEASE/spring-core-5.0.7.RELEASE.jar:/home/emma/.m2/repository/org/springframework/spring-jcl/5.0.7.RELEASE/spring-jcl-5.0.7.RELEASE.jar:/home/emma/.m2/repository/org/springframework/boot/spring-boot-autoconfigure/2.0.3.RELEASE/spring-boot-autoconfigure-2.0.3.RELEASE.jar:/home/emma/.m2/repository/org/springframework/spring-web/5.0.7.RELEASE/spring-web-5.0.7.RELEASE.jar:/home/emma/.m2/repository/io/jsonwebtoken/jjwt/0.9.1/jjwt-0.9.1.jar:/home/emma/.m2/repository/com/fasterxml/jackson/core/jackson-databind/2.9.6/jackson-databind-2.9.6.jar:/home/emma/.m2/repository/com/fasterxml/jackson/core/jackson-annotations/2.9.0/jackson-annotations-2.9.0.jar:/home/emma/.m2/repository/com/fasterxml/jackson/core/jackson-core/2.9.6/jackson-core-2.9.6.jar:/home/emma/.m2/repository/org/junit/jupiter/junit-jupiter-api/5.1.0/junit-jupiter-api-5.1.0.jar:/home/emma/.m2/repository/org/apiguardian/apiguardian-api/1.0.0/apiguardian-api-1.0.0.jar:/home/emma/.m2/repository/org/opentest4j/opentest4j/1.0.0/opentest4j-1.0.0.jar:/home/emma/.m2/repository/org/junit/platform/junit-platform-commons/1.1.0/junit-platform-commons-1.1.0.jar:/home/emma/.m2/repository/org/mongodb/mongodb-driver-sync/3.9.1/mongodb-driver-sync-3.9.1.jar:/home/emma/.m2/repository/org/mongodb/bson/3.9.1/bson-3.9.1.jar:/home/emma/.m2/repository/org/mongodb/mongodb-driver-core/3.9.1/mongodb-driver-core-3.9.1.jar:"/>
    <property name="sun.cpu.endian" value="little"/>
    <property name="user.home" value="/home/emma"/>
    <property name="user.language" value="en"/>
    <property name="java.specification.vendor" value="Oracle Corporation"/>
    <property name="java.version.date" value="2022-09-20"/>
    <property name="java.home" value="/home/emma/.jdks/openjdk-19"/>
    <property name="file.separator" value="/"/>
    <property name="basedir" value="/media/emma/FastBackup/Documents/EmmaWorkShop/BACKEND/JavaProjects/mongodbJava/mflix"/>
    <property name="java.vm.compressedOopsMode" value="Zero based"/>
    <property name="line.separator" value="&#10;"/>
    <property name="java.specification.name" value="Java Platform API Specification"/>
    <property name="java.vm.specification.vendor" value="Oracle Corporation"/>
    <property name="surefire.real.class.path" value="/media/emma/FastBackup/Documents/EmmaWorkShop/BACKEND/JavaProjects/mongodbJava/mflix/target/surefire/surefirebooter1548073133297781260.jar"/>
    <property name="sun.management.compiler" value="HotSpot 64-Bit Tiered Compilers"/>
    <property name="java.runtime.version" value="19+36-2238"/>
    <property name="user.name" value="emma"/>
    <property name="stdout.encoding" value="UTF-8"/>
    <property name="path.separator" value=":"/>
    <property name="os.version" value="5.19.0-76051900-generic"/>
    <property name="java.runtime.name" value="OpenJDK Runtime Environment"/>
    <property name="file.encoding" value="UTF-8"/>
    <property name="java.vm.name" value="OpenJDK 64-Bit Server VM"/>
    <property name="localRepository" value="/home/emma/.m2/repository"/>
    <property name="java.vendor.url.bug" value="https://bugreport.java.com/bugreport/"/>
    <property name="java.io.tmpdir" value="/tmp"/>
    <property name="idea.version" value="2022.2.2"/>
    <property name="java.version" value="19"/>
    <property name="user.dir" value="/media/emma/FastBackup/Documents/EmmaWorkShop/BACKEND/JavaProjects/mongodbJava/mflix"/>
    <property name="os.arch" value="amd64"/>
    <property name="java.vm.specification.name" value="Java Virtual Machine Specification"/>
    <property name="native.encoding" value="UTF-8"/>
    <property name="java.library.path" value=":/usr/java/packages/lib:/usr/lib64:/lib64:/lib:/usr/lib"/>
    <property name="java.vm.info" value="mixed mode, sharing"/>
    <property name="stderr.encoding" value="UTF-8"/>
    <property name="java.vendor" value="Oracle Corporation"/>
    <property name="java.vm.version" value="19+36-2238"/>
    <property name="sun.io.unicode.encoding" value="UnicodeLittle"/>
    <property name="java.class.version" value="63.0"/>
  </properties>
  <testcase name="testAllDocumentsIMDBRatingNumber" classname="mflix.api.daos.MigrationTest" time="1.039">
    <failure message="Should not find documents where `imdb.rating` is of not of `number` type expected:&lt;0&gt; but was:&lt;61&gt;" type="java.lang.AssertionError"><![CDATA[java.lang.AssertionError: Should not find documents where `imdb.rating` is of not of `number` type expected:<0> but was:<61>
	at mflix.api.daos.MigrationTest.testAllDocumentsIMDBRatingNumber(MigrationTest.java:42)
]]></failure>
    <system-out><![CDATA[2022-10-04 14:12:11.454  INFO 715 --- [           main] org.mongodb.driver.cluster               : Cluster created with settings {hosts=[ac-y3tzlqv-shard-00-02.dc4ezxp.mongodb.net:27017, ac-y3tzlqv-shard-00-00.dc4ezxp.mongodb.net:27017, ac-y3tzlqv-shard-00-01.dc4ezxp.mongodb.net:27017], mode=MULTIPLE, requiredClusterType=REPLICA_SET, serverSelectionTimeout='30000 ms', maxWaitQueueSize=500, requiredReplicaSetName='atlas-3sg2p4-shard-0'}
2022-10-04 14:12:11.454  INFO 715 --- [           main] org.mongodb.driver.cluster               : Adding discovered server ac-y3tzlqv-shard-00-02.dc4ezxp.mongodb.net:27017 to client view of cluster
2022-10-04 14:12:11.499  INFO 715 --- [           main] org.mongodb.driver.cluster               : Adding discovered server ac-y3tzlqv-shard-00-00.dc4ezxp.mongodb.net:27017 to client view of cluster
2022-10-04 14:12:11.499  INFO 715 --- [           main] org.mongodb.driver.cluster               : Adding discovered server ac-y3tzlqv-shard-00-01.dc4ezxp.mongodb.net:27017 to client view of cluster
2022-10-04 14:12:11.531  INFO 715 --- [           main] org.mongodb.driver.cluster               : No server chosen by com.mongodb.client.internal.MongoClientDelegate$1@cf10c92 from cluster description ClusterDescription{type=REPLICA_SET, connectionMode=MULTIPLE, serverDescriptions=[ServerDescription{address=ac-y3tzlqv-shard-00-01.dc4ezxp.mongodb.net:27017, type=UNKNOWN, state=CONNECTING}, ServerDescription{address=ac-y3tzlqv-shard-00-02.dc4ezxp.mongodb.net:27017, type=UNKNOWN, state=CONNECTING}, ServerDescription{address=ac-y3tzlqv-shard-00-00.dc4ezxp.mongodb.net:27017, type=UNKNOWN, state=CONNECTING}]}. Waiting for 30000 ms before timing out
2022-10-04 14:12:11.985  INFO 715 --- [ngodb.net:27017] org.mongodb.driver.connection            : Opened connection [connectionId{localValue:2, serverValue:1785792}] to ac-y3tzlqv-shard-00-01.dc4ezxp.mongodb.net:27017
2022-10-04 14:12:11.987  INFO 715 --- [ngodb.net:27017] org.mongodb.driver.connection            : Opened connection [connectionId{localValue:1, serverValue:1216721}] to ac-y3tzlqv-shard-00-00.dc4ezxp.mongodb.net:27017
2022-10-04 14:12:11.987  INFO 715 --- [ngodb.net:27017] org.mongodb.driver.connection            : Opened connection [connectionId{localValue:3, serverValue:1745224}] to ac-y3tzlqv-shard-00-02.dc4ezxp.mongodb.net:27017
2022-10-04 14:12:12.016  INFO 715 --- [ngodb.net:27017] org.mongodb.driver.cluster               : Monitor thread successfully connected to server with description ServerDescription{address=ac-y3tzlqv-shard-00-02.dc4ezxp.mongodb.net:27017, type=REPLICA_SET_SECONDARY, state=CONNECTED, ok=true, version=ServerVersion{versionList=[5, 0, 12]}, minWireVersion=0, maxWireVersion=13, maxDocumentSize=16777216, logicalSessionTimeoutMinutes=30, roundTripTimeNanos=26500960, setName='atlas-3sg2p4-shard-0', canonicalAddress=ac-y3tzlqv-shard-00-02.dc4ezxp.mongodb.net:27017, hosts=[ac-y3tzlqv-shard-00-02.dc4ezxp.mongodb.net:27017, ac-y3tzlqv-shard-00-01.dc4ezxp.mongodb.net:27017, ac-y3tzlqv-shard-00-00.dc4ezxp.mongodb.net:27017], passives=[], arbiters=[], primary='ac-y3tzlqv-shard-00-01.dc4ezxp.mongodb.net:27017', tagSet=TagSet{[Tag{name='region', value='US_EAST_2'}, Tag{name='provider', value='AZURE'}, Tag{name='nodeType', value='ELECTABLE'}, Tag{name='workloadType', value='OPERATIONAL'}]}, electionId=null, setVersion=8, lastWriteDate=Tue Oct 04 14:12:11 EDT 2022, lastUpdateTimeNanos=45439901201944}
2022-10-04 14:12:12.018  INFO 715 --- [ngodb.net:27017] org.mongodb.driver.cluster               : Monitor thread successfully connected to server with description ServerDescription{address=ac-y3tzlqv-shard-00-01.dc4ezxp.mongodb.net:27017, type=REPLICA_SET_PRIMARY, state=CONNECTED, ok=true, version=ServerVersion{versionList=[5, 0, 12]}, minWireVersion=0, maxWireVersion=13, maxDocumentSize=16777216, logicalSessionTimeoutMinutes=30, roundTripTimeNanos=31507753, setName='atlas-3sg2p4-shard-0', canonicalAddress=ac-y3tzlqv-shard-00-01.dc4ezxp.mongodb.net:27017, hosts=[ac-y3tzlqv-shard-00-02.dc4ezxp.mongodb.net:27017, ac-y3tzlqv-shard-00-01.dc4ezxp.mongodb.net:27017, ac-y3tzlqv-shard-00-00.dc4ezxp.mongodb.net:27017], passives=[], arbiters=[], primary='ac-y3tzlqv-shard-00-01.dc4ezxp.mongodb.net:27017', tagSet=TagSet{[Tag{name='region', value='US_EAST_2'}, Tag{name='provider', value='AZURE'}, Tag{name='nodeType', value='ELECTABLE'}, Tag{name='workloadType', value='OPERATIONAL'}]}, electionId=7fffffff000000000000008d, setVersion=8, lastWriteDate=Tue Oct 04 14:12:11 EDT 2022, lastUpdateTimeNanos=45439903929330}
2022-10-04 14:12:12.019  INFO 715 --- [ngodb.net:27017] org.mongodb.driver.cluster               : Setting max election id to 7fffffff000000000000008d from replica set primary ac-y3tzlqv-shard-00-01.dc4ezxp.mongodb.net:27017
2022-10-04 14:12:12.019  INFO 715 --- [ngodb.net:27017] org.mongodb.driver.cluster               : Setting max set version to 8 from replica set primary ac-y3tzlqv-shard-00-01.dc4ezxp.mongodb.net:27017
2022-10-04 14:12:12.020  INFO 715 --- [ngodb.net:27017] org.mongodb.driver.cluster               : Discovered replica set primary ac-y3tzlqv-shard-00-01.dc4ezxp.mongodb.net:27017
2022-10-04 14:12:12.032  INFO 715 --- [ngodb.net:27017] org.mongodb.driver.cluster               : Monitor thread successfully connected to server with description ServerDescription{address=ac-y3tzlqv-shard-00-00.dc4ezxp.mongodb.net:27017, type=REPLICA_SET_SECONDARY, state=CONNECTED, ok=true, version=ServerVersion{versionList=[5, 0, 12]}, minWireVersion=0, maxWireVersion=13, maxDocumentSize=16777216, logicalSessionTimeoutMinutes=30, roundTripTimeNanos=45434132, setName='atlas-3sg2p4-shard-0', canonicalAddress=ac-y3tzlqv-shard-00-00.dc4ezxp.mongodb.net:27017, hosts=[ac-y3tzlqv-shard-00-02.dc4ezxp.mongodb.net:27017, ac-y3tzlqv-shard-00-01.dc4ezxp.mongodb.net:27017, ac-y3tzlqv-shard-00-00.dc4ezxp.mongodb.net:27017], passives=[], arbiters=[], primary='ac-y3tzlqv-shard-00-01.dc4ezxp.mongodb.net:27017', tagSet=TagSet{[Tag{name='workloadType', value='OPERATIONAL'}, Tag{name='provider', value='AZURE'}, Tag{name='region', value='US_EAST_2'}, Tag{name='nodeType', value='ELECTABLE'}]}, electionId=null, setVersion=8, lastWriteDate=Tue Oct 04 14:12:11 EDT 2022, lastUpdateTimeNanos=45439918515453}
2022-10-04 14:12:12.358  INFO 715 --- [           main] org.mongodb.driver.connection            : Opened connection [connectionId{localValue:4, serverValue:1785724}] to ac-y3tzlqv-shard-00-01.dc4ezxp.mongodb.net:27017
]]></system-out>
  </testcase>
  <testcase name="testAllDocumentsUpdateDateIsDateType" classname="mflix.api.daos.MigrationTest" time="0.485">
    <failure message="Should not find documents where `lastupdated` is of `string` type expected:&lt;0&gt; but was:&lt;23530&gt;" type="java.lang.AssertionError"><![CDATA[java.lang.AssertionError: Should not find documents where `lastupdated` is of `string` type expected:<0> but was:<23530>
	at mflix.api.daos.MigrationTest.testAllDocumentsUpdateDateIsDateType(MigrationTest.java:31)
]]></failure>
    <system-out><![CDATA[2022-10-04 14:12:12.440  INFO 715 --- [           main] org.mongodb.driver.cluster               : Cluster created with settings {hosts=[ac-y3tzlqv-shard-00-00.dc4ezxp.mongodb.net:27017, ac-y3tzlqv-shard-00-01.dc4ezxp.mongodb.net:27017, ac-y3tzlqv-shard-00-02.dc4ezxp.mongodb.net:27017], mode=MULTIPLE, requiredClusterType=REPLICA_SET, serverSelectionTimeout='30000 ms', maxWaitQueueSize=500, requiredReplicaSetName='atlas-3sg2p4-shard-0'}
2022-10-04 14:12:12.440  INFO 715 --- [           main] org.mongodb.driver.cluster               : Adding discovered server ac-y3tzlqv-shard-00-00.dc4ezxp.mongodb.net:27017 to client view of cluster
2022-10-04 14:12:12.441  INFO 715 --- [           main] org.mongodb.driver.cluster               : Adding discovered server ac-y3tzlqv-shard-00-01.dc4ezxp.mongodb.net:27017 to client view of cluster
2022-10-04 14:12:12.442  INFO 715 --- [           main] org.mongodb.driver.cluster               : Adding discovered server ac-y3tzlqv-shard-00-02.dc4ezxp.mongodb.net:27017 to client view of cluster
2022-10-04 14:12:12.443  INFO 715 --- [           main] org.mongodb.driver.cluster               : No server chosen by com.mongodb.client.internal.MongoClientDelegate$1@35e689a0 from cluster description ClusterDescription{type=REPLICA_SET, connectionMode=MULTIPLE, serverDescriptions=[ServerDescription{address=ac-y3tzlqv-shard-00-01.dc4ezxp.mongodb.net:27017, type=UNKNOWN, state=CONNECTING}, ServerDescription{address=ac-y3tzlqv-shard-00-02.dc4ezxp.mongodb.net:27017, type=UNKNOWN, state=CONNECTING}, ServerDescription{address=ac-y3tzlqv-shard-00-00.dc4ezxp.mongodb.net:27017, type=UNKNOWN, state=CONNECTING}]}. Waiting for 30000 ms before timing out
2022-10-04 14:12:12.597  INFO 715 --- [ngodb.net:27017] org.mongodb.driver.connection            : Opened connection [connectionId{localValue:6, serverValue:1785796}] to ac-y3tzlqv-shard-00-01.dc4ezxp.mongodb.net:27017
2022-10-04 14:12:12.606  INFO 715 --- [ngodb.net:27017] org.mongodb.driver.connection            : Opened connection [connectionId{localValue:5, serverValue:1216721}] to ac-y3tzlqv-shard-00-00.dc4ezxp.mongodb.net:27017
2022-10-04 14:12:12.608  INFO 715 --- [ngodb.net:27017] org.mongodb.driver.connection            : Opened connection [connectionId{localValue:7, serverValue:1745224}] to ac-y3tzlqv-shard-00-02.dc4ezxp.mongodb.net:27017
2022-10-04 14:12:12.633  INFO 715 --- [ngodb.net:27017] org.mongodb.driver.cluster               : Monitor thread successfully connected to server with description ServerDescription{address=ac-y3tzlqv-shard-00-01.dc4ezxp.mongodb.net:27017, type=REPLICA_SET_PRIMARY, state=CONNECTED, ok=true, version=ServerVersion{versionList=[5, 0, 12]}, minWireVersion=0, maxWireVersion=13, maxDocumentSize=16777216, logicalSessionTimeoutMinutes=30, roundTripTimeNanos=35359592, setName='atlas-3sg2p4-shard-0', canonicalAddress=ac-y3tzlqv-shard-00-01.dc4ezxp.mongodb.net:27017, hosts=[ac-y3tzlqv-shard-00-02.dc4ezxp.mongodb.net:27017, ac-y3tzlqv-shard-00-01.dc4ezxp.mongodb.net:27017, ac-y3tzlqv-shard-00-00.dc4ezxp.mongodb.net:27017], passives=[], arbiters=[], primary='ac-y3tzlqv-shard-00-01.dc4ezxp.mongodb.net:27017', tagSet=TagSet{[Tag{name='workloadType', value='OPERATIONAL'}, Tag{name='provider', value='AZURE'}, Tag{name='nodeType', value='ELECTABLE'}, Tag{name='region', value='US_EAST_2'}]}, electionId=7fffffff000000000000008d, setVersion=8, lastWriteDate=Tue Oct 04 14:12:12 EDT 2022, lastUpdateTimeNanos=45440519216283}
2022-10-04 14:12:12.633  INFO 715 --- [ngodb.net:27017] org.mongodb.driver.cluster               : Setting max election id to 7fffffff000000000000008d from replica set primary ac-y3tzlqv-shard-00-01.dc4ezxp.mongodb.net:27017
2022-10-04 14:12:12.633  INFO 715 --- [ngodb.net:27017] org.mongodb.driver.cluster               : Setting max set version to 8 from replica set primary ac-y3tzlqv-shard-00-01.dc4ezxp.mongodb.net:27017
2022-10-04 14:12:12.634  INFO 715 --- [ngodb.net:27017] org.mongodb.driver.cluster               : Discovered replica set primary ac-y3tzlqv-shard-00-01.dc4ezxp.mongodb.net:27017
2022-10-04 14:12:12.637  INFO 715 --- [ngodb.net:27017] org.mongodb.driver.cluster               : Monitor thread successfully connected to server with description ServerDescription{address=ac-y3tzlqv-shard-00-00.dc4ezxp.mongodb.net:27017, type=REPLICA_SET_SECONDARY, state=CONNECTED, ok=true, version=ServerVersion{versionList=[5, 0, 12]}, minWireVersion=0, maxWireVersion=13, maxDocumentSize=16777216, logicalSessionTimeoutMinutes=30, roundTripTimeNanos=30020152, setName='atlas-3sg2p4-shard-0', canonicalAddress=ac-y3tzlqv-shard-00-00.dc4ezxp.mongodb.net:27017, hosts=[ac-y3tzlqv-shard-00-02.dc4ezxp.mongodb.net:27017, ac-y3tzlqv-shard-00-01.dc4ezxp.mongodb.net:27017, ac-y3tzlqv-shard-00-00.dc4ezxp.mongodb.net:27017], passives=[], arbiters=[], primary='ac-y3tzlqv-shard-00-01.dc4ezxp.mongodb.net:27017', tagSet=TagSet{[Tag{name='workloadType', value='OPERATIONAL'}, Tag{name='provider', value='AZURE'}, Tag{name='region', value='US_EAST_2'}, Tag{name='nodeType', value='ELECTABLE'}]}, electionId=null, setVersion=8, lastWriteDate=Tue Oct 04 14:12:12 EDT 2022, lastUpdateTimeNanos=45440522863509}
2022-10-04 14:12:12.638  INFO 715 --- [ngodb.net:27017] org.mongodb.driver.cluster               : Monitor thread successfully connected to server with description ServerDescription{address=ac-y3tzlqv-shard-00-02.dc4ezxp.mongodb.net:27017, type=REPLICA_SET_SECONDARY, state=CONNECTED, ok=true, version=ServerVersion{versionList=[5, 0, 12]}, minWireVersion=0, maxWireVersion=13, maxDocumentSize=16777216, logicalSessionTimeoutMinutes=30, roundTripTimeNanos=30087143, setName='atlas-3sg2p4-shard-0', canonicalAddress=ac-y3tzlqv-shard-00-02.dc4ezxp.mongodb.net:27017, hosts=[ac-y3tzlqv-shard-00-02.dc4ezxp.mongodb.net:27017, ac-y3tzlqv-shard-00-01.dc4ezxp.mongodb.net:27017, ac-y3tzlqv-shard-00-00.dc4ezxp.mongodb.net:27017], passives=[], arbiters=[], primary='ac-y3tzlqv-shard-00-01.dc4ezxp.mongodb.net:27017', tagSet=TagSet{[Tag{name='workloadType', value='OPERATIONAL'}, Tag{name='region', value='US_EAST_2'}, Tag{name='provider', value='AZURE'}, Tag{name='nodeType', value='ELECTABLE'}]}, electionId=null, setVersion=8, lastWriteDate=Tue Oct 04 14:12:12 EDT 2022, lastUpdateTimeNanos=45440524210087}
2022-10-04 14:12:12.865  INFO 715 --- [           main] org.mongodb.driver.connection            : Opened connection [connectionId{localValue:8, serverValue:1785801}] to ac-y3tzlqv-shard-00-01.dc4ezxp.mongodb.net:27017
]]></system-out>
  </testcase>
</testsuite>